<?xml version="1.0" encoding="UTF-8"?>
<!-- Generated by org.testng.reporters.JUnitReportReporter -->
<testsuite hostname="Govi-PC" failures="0" tests="1" name="testCase.TC001_RegistrationTesting" time="2.149" errors="0" timestamp="2024-11-20T17:27:19 IST" skipped="0">
  <testcase classname="testCase.TC001_RegistrationTesting" name="TestAccountRegistration" time="2.149"/>
</testsuite> <!-- testCase.TC001_RegistrationTesting -->
