<?xml version="1.0" encoding="UTF-8"?>
<!-- Generated by org.testng.reporters.JUnitReportReporter -->
<testsuite hostname="Govi-PC" failures="0" tests="1" name="testCase.TC002_LoginFunctionalityTest" time="1.256" errors="0" timestamp="2024-10-06T23:14:37 IST" skipped="0">
  <testcase classname="testCase.TC002_LoginFunctionalityTest" name="TestingLogin" time="1.256"/>
</testsuite> <!-- testCase.TC002_LoginFunctionalityTest -->
