<?xml version="1.0" encoding="UTF-8"?>
<!-- Generated by org.testng.reporters.JUnitReportReporter -->
<testsuite hostname="Govi-PC" failures="0" tests="3" name="testCase.TC001_RegistrationFunctionalityTest" time="8.369" errors="0" timestamp="2024-10-02T23:25:28 IST" skipped="0">
  <testcase classname="testCase.TC001_RegistrationFunctionalityTest" name="TestingRegistration" time="2.185"/>
  <testcase classname="testCase.TC001_RegistrationFunctionalityTest" name="TestingRegistration" time="3.013"/>
  <testcase classname="testCase.TC001_RegistrationFunctionalityTest" name="TestingRegistration" time="3.171"/>
</testsuite> <!-- testCase.TC001_RegistrationFunctionalityTest -->
