<?xml version="1.0" encoding="UTF-8"?>
<!-- Generated by org.testng.reporters.JUnitReportReporter -->
<testsuite hostname="Govi-PC" failures="0" tests="1" name="testCase.TC003_LoginTesting" time="1.750" errors="0" timestamp="2024-11-20T17:27:19 IST" skipped="0">
  <testcase classname="testCase.TC003_LoginTesting" name="verify_loginTest" time="1.750"/>
</testsuite> <!-- testCase.TC003_LoginTesting -->
